{"E:\\project\\PFOS\\lib\\date.ts": {"path":"E:\\project\\PFOS\\lib\\date.ts","statementMap":{"0":{"start":{"line":6,"column":12},"end":{"line":6,"column":null}},"1":{"start":{"line":7,"column":12},"end":{"line":7,"column":null}},"2":{"start":{"line":8,"column":12},"end":{"line":8,"column":null}},"3":{"start":{"line":9,"column":2},"end":{"line":9,"column":null}}},"fnMap":{"0":{"name":"formatDate","decl":{"start":{"line":5,"column":16},"end":{"line":5,"column":27}},"loc":{"start":{"line":5,"column":47},"end":{"line":10,"column":null}},"line":5}},"branchMap":{},"s":{"0":10,"1":10,"2":10,"3":10},"f":{"0":10},"b":{},"meta":{"lastBranch":0,"lastFunction":1,"lastStatement":4,"seen":{"f:5:16:5:27":0,"s:6:12:6:Infinity":0,"s:7:12:7:Infinity":1,"s:8:12:8:Infinity":2,"s:9:2:9:Infinity":3},"fnNames":{}}}
,"E:\\project\\PFOS\\src\\lib\\currency.ts": {"path":"E:\\project\\PFOS\\src\\lib\\currency.ts","statementMap":{"0":{"start":{"line":21,"column":14},"end":{"line":21,"column":null}},"1":{"start":{"line":24,"column":2},"end":{"line":24,"column":null}},"2":{"start":{"line":24,"column":18},"end":{"line":24,"column":null}},"3":{"start":{"line":27,"column":25},"end":{"line":27,"column":null}},"4":{"start":{"line":28,"column":20},"end":{"line":31,"column":null}},"5":{"start":{"line":33,"column":2},"end":{"line":33,"column":null}},"6":{"start":{"line":50,"column":14},"end":{"line":50,"column":null}},"7":{"start":{"line":52,"column":2},"end":{"line":52,"column":null}},"8":{"start":{"line":52,"column":18},"end":{"line":52,"column":null}},"9":{"start":{"line":54,"column":25},"end":{"line":54,"column":null}},"10":{"start":{"line":55,"column":17},"end":{"line":55,"column":null}},"11":{"start":{"line":58,"column":15},"end":{"line":58,"column":null}},"12":{"start":{"line":59,"column":16},"end":{"line":59,"column":null}},"13":{"start":{"line":61,"column":2},"end":{"line":67,"column":null}},"14":{"start":{"line":62,"column":4},"end":{"line":62,"column":null}},"15":{"start":{"line":63,"column":4},"end":{"line":63,"column":null}},"16":{"start":{"line":64,"column":9},"end":{"line":67,"column":null}},"17":{"start":{"line":65,"column":4},"end":{"line":65,"column":null}},"18":{"start":{"line":66,"column":4},"end":{"line":66,"column":null}},"19":{"start":{"line":70,"column":18},"end":{"line":70,"column":null}},"20":{"start":{"line":73,"column":22},"end":{"line":73,"column":null}},"21":{"start":{"line":74,"column":2},"end":{"line":78,"column":null}},"22":{"start":{"line":76,"column":27},"end":{"line":76,"column":null}},"23":{"start":{"line":77,"column":4},"end":{"line":77,"column":null}},"24":{"start":{"line":80,"column":20},"end":{"line":83,"column":null}},"25":{"start":{"line":85,"column":2},"end":{"line":85,"column":null}},"26":{"start":{"line":98,"column":14},"end":{"line":98,"column":null}},"27":{"start":{"line":100,"column":2},"end":{"line":100,"column":null}},"28":{"start":{"line":100,"column":18},"end":{"line":100,"column":null}},"29":{"start":{"line":103,"column":2},"end":{"line":106,"column":null}},"30":{"start":{"line":119,"column":2},"end":{"line":119,"column":null}},"31":{"start":{"line":119,"column":20},"end":{"line":119,"column":null}},"32":{"start":{"line":122,"column":16},"end":{"line":125,"column":null}},"33":{"start":{"line":127,"column":14},"end":{"line":127,"column":null}},"34":{"start":{"line":128,"column":2},"end":{"line":128,"column":null}},"35":{"start":{"line":139,"column":2},"end":{"line":139,"column":null}},"36":{"start":{"line":139,"column":19},"end":{"line":139,"column":null}},"37":{"start":{"line":141,"column":22},"end":{"line":141,"column":null}},"38":{"start":{"line":142,"column":2},"end":{"line":145,"column":null}},"39":{"start":{"line":155,"column":2},"end":{"line":155,"column":null}},"40":{"start":{"line":167,"column":17},"end":{"line":167,"column":null}},"41":{"start":{"line":168,"column":2},"end":{"line":168,"column":null}},"42":{"start":{"line":180,"column":17},"end":{"line":180,"column":null}},"43":{"start":{"line":181,"column":2},"end":{"line":181,"column":null}},"44":{"start":{"line":189,"column":17},"end":{"line":189,"column":null}},"45":{"start":{"line":190,"column":14},"end":{"line":190,"column":null}},"46":{"start":{"line":190,"column":43},"end":{"line":190,"column":75}},"47":{"start":{"line":191,"column":2},"end":{"line":191,"column":null}},"48":{"start":{"line":198,"column":2},"end":{"line":198,"column":null}},"49":{"start":{"line":204,"column":42},"end":{"line":209,"column":null}},"50":{"start":{"line":210,"column":2},"end":{"line":210,"column":null}},"51":{"start":{"line":214,"column":42},"end":{"line":219,"column":null}},"52":{"start":{"line":220,"column":2},"end":{"line":220,"column":null}}},"fnMap":{"0":{"name":"formatCurrency","decl":{"start":{"line":16,"column":16},"end":{"line":16,"column":null}},"loc":{"start":{"line":19,"column":10},"end":{"line":34,"column":null}},"line":19},"1":{"name":"formatCurrencyCompact","decl":{"start":{"line":46,"column":16},"end":{"line":46,"column":null}},"loc":{"start":{"line":49,"column":10},"end":{"line":86,"column":null}},"line":49},"2":{"name":"formatNumeric","decl":{"start":{"line":97,"column":16},"end":{"line":97,"column":30}},"loc":{"start":{"line":97,"column":90},"end":{"line":107,"column":null}},"line":97},"3":{"name":"parseCurrency","decl":{"start":{"line":118,"column":16},"end":{"line":118,"column":30}},"loc":{"start":{"line":118,"column":59},"end":{"line":129,"column":null}},"line":118},"4":{"name":"calculatePercentage","decl":{"start":{"line":138,"column":16},"end":{"line":138,"column":36}},"loc":{"start":{"line":138,"column":100},"end":{"line":146,"column":null}},"line":138},"5":{"name":"getPercentageValue","decl":{"start":{"line":154,"column":16},"end":{"line":154,"column":35}},"loc":{"start":{"line":154,"column":78},"end":{"line":156,"column":null}},"line":154},"6":{"name":"formatDifference","decl":{"start":{"line":166,"column":16},"end":{"line":166,"column":33}},"loc":{"start":{"line":166,"column":106},"end":{"line":169,"column":null}},"line":166},"7":{"name":"roundToDecimal","decl":{"start":{"line":179,"column":16},"end":{"line":179,"column":31}},"loc":{"start":{"line":179,"column":82},"end":{"line":182,"column":null}},"line":179},"8":{"name":"addAmounts","decl":{"start":{"line":188,"column":16},"end":{"line":188,"column":27}},"loc":{"start":{"line":188,"column":54},"end":{"line":192,"column":null}},"line":188},"9":{"name":"(anonymous_9)","decl":{"start":{"line":190,"column":22},"end":{"line":190,"column":30}},"loc":{"start":{"line":190,"column":43},"end":{"line":190,"column":75}},"line":190},"10":{"name":"subtractAmounts","decl":{"start":{"line":197,"column":16},"end":{"line":197,"column":32}},"loc":{"start":{"line":197,"column":77},"end":{"line":199,"column":null}},"line":197},"11":{"name":"getCurrencySymbol","decl":{"start":{"line":203,"column":9},"end":{"line":203,"column":27}},"loc":{"start":{"line":203,"column":76},"end":{"line":211,"column":null}},"line":203},"12":{"name":"getCurrencyLocale","decl":{"start":{"line":213,"column":9},"end":{"line":213,"column":27}},"loc":{"start":{"line":213,"column":76},"end":{"line":221,"column":null}},"line":213}},"branchMap":{"0":{"loc":{"start":{"line":18,"column":2},"end":{"line":18,"column":null}},"type":"default-arg","locations":[{"start":{"line":18,"column":44},"end":{"line":18,"column":null}}],"line":18},"1":{"loc":{"start":{"line":21,"column":14},"end":{"line":21,"column":null}},"type":"cond-expr","locations":[{"start":{"line":21,"column":43},"end":{"line":21,"column":64}},{"start":{"line":21,"column":64},"end":{"line":21,"column":null}}],"line":21},"2":{"loc":{"start":{"line":24,"column":2},"end":{"line":24,"column":null}},"type":"if","locations":[{"start":{"line":24,"column":2},"end":{"line":24,"column":null}},{"start":{},"end":{}}],"line":24},"3":{"loc":{"start":{"line":48,"column":2},"end":{"line":48,"column":null}},"type":"default-arg","locations":[{"start":{"line":48,"column":44},"end":{"line":48,"column":null}}],"line":48},"4":{"loc":{"start":{"line":50,"column":14},"end":{"line":50,"column":null}},"type":"cond-expr","locations":[{"start":{"line":50,"column":43},"end":{"line":50,"column":64}},{"start":{"line":50,"column":64},"end":{"line":50,"column":null}}],"line":50},"5":{"loc":{"start":{"line":52,"column":2},"end":{"line":52,"column":null}},"type":"if","locations":[{"start":{"line":52,"column":2},"end":{"line":52,"column":null}},{"start":{},"end":{}}],"line":52},"6":{"loc":{"start":{"line":61,"column":2},"end":{"line":67,"column":null}},"type":"if","locations":[{"start":{"line":61,"column":2},"end":{"line":67,"column":null}},{"start":{"line":64,"column":9},"end":{"line":67,"column":null}}],"line":61},"7":{"loc":{"start":{"line":64,"column":9},"end":{"line":67,"column":null}},"type":"if","locations":[{"start":{"line":64,"column":9},"end":{"line":67,"column":null}},{"start":{},"end":{}}],"line":64},"8":{"loc":{"start":{"line":74,"column":2},"end":{"line":78,"column":null}},"type":"if","locations":[{"start":{"line":74,"column":2},"end":{"line":78,"column":null}},{"start":{},"end":{}}],"line":74},"9":{"loc":{"start":{"line":77,"column":20},"end":{"line":77,"column":null}},"type":"cond-expr","locations":[{"start":{"line":77,"column":43},"end":{"line":77,"column":47}},{"start":{"line":77,"column":47},"end":{"line":77,"column":null}}],"line":77},"10":{"loc":{"start":{"line":97,"column":55},"end":{"line":97,"column":90}},"type":"default-arg","locations":[{"start":{"line":97,"column":79},"end":{"line":97,"column":90}}],"line":97},"11":{"loc":{"start":{"line":98,"column":14},"end":{"line":98,"column":null}},"type":"cond-expr","locations":[{"start":{"line":98,"column":43},"end":{"line":98,"column":64}},{"start":{"line":98,"column":64},"end":{"line":98,"column":null}}],"line":98},"12":{"loc":{"start":{"line":100,"column":2},"end":{"line":100,"column":null}},"type":"if","locations":[{"start":{"line":100,"column":2},"end":{"line":100,"column":null}},{"start":{},"end":{}}],"line":100},"13":{"loc":{"start":{"line":119,"column":2},"end":{"line":119,"column":null}},"type":"if","locations":[{"start":{"line":119,"column":2},"end":{"line":119,"column":null}},{"start":{},"end":{}}],"line":119},"14":{"loc":{"start":{"line":128,"column":9},"end":{"line":128,"column":null}},"type":"cond-expr","locations":[{"start":{"line":128,"column":22},"end":{"line":128,"column":26}},{"start":{"line":128,"column":26},"end":{"line":128,"column":null}}],"line":128},"15":{"loc":{"start":{"line":138,"column":65},"end":{"line":138,"column":100}},"type":"default-arg","locations":[{"start":{"line":138,"column":89},"end":{"line":138,"column":100}}],"line":138},"16":{"loc":{"start":{"line":139,"column":2},"end":{"line":139,"column":null}},"type":"if","locations":[{"start":{"line":139,"column":2},"end":{"line":139,"column":null}},{"start":{},"end":{}}],"line":139},"17":{"loc":{"start":{"line":166,"column":49},"end":{"line":166,"column":106}},"type":"default-arg","locations":[{"start":{"line":166,"column":91},"end":{"line":166,"column":106}}],"line":166},"18":{"loc":{"start":{"line":167,"column":17},"end":{"line":167,"column":null}},"type":"cond-expr","locations":[{"start":{"line":167,"column":31},"end":{"line":167,"column":37}},{"start":{"line":167,"column":37},"end":{"line":167,"column":null}}],"line":167},"19":{"loc":{"start":{"line":179,"column":47},"end":{"line":179,"column":82}},"type":"default-arg","locations":[{"start":{"line":179,"column":71},"end":{"line":179,"column":82}}],"line":179},"20":{"loc":{"start":{"line":210,"column":9},"end":{"line":210,"column":null}},"type":"binary-expr","locations":[{"start":{"line":210,"column":9},"end":{"line":210,"column":30}},{"start":{"line":210,"column":30},"end":{"line":210,"column":null}}],"line":210},"21":{"loc":{"start":{"line":220,"column":9},"end":{"line":220,"column":null}},"type":"binary-expr","locations":[{"start":{"line":220,"column":9},"end":{"line":220,"column":30}},{"start":{"line":220,"column":30},"end":{"line":220,"column":null}}],"line":220}},"s":{"0":9,"1":9,"2":1,"3":8,"4":8,"5":8,"6":5,"7":5,"8":0,"9":5,"10":5,"11":5,"12":5,"13":5,"14":1,"15":1,"16":4,"17":2,"18":2,"19":5,"20":5,"21":5,"22":3,"23":3,"24":5,"25":5,"26":4,"27":4,"28":1,"29":3,"30":6,"31":1,"32":5,"33":5,"34":5,"35":3,"36":1,"37":2,"38":2,"39":3,"40":2,"41":2,"42":8,"43":8,"44":3,"45":3,"46":5,"47":3,"48":2,"49":14,"50":14,"51":13,"52":13},"f":{"0":9,"1":5,"2":4,"3":6,"4":3,"5":3,"6":2,"7":8,"8":3,"9":5,"10":2,"11":14,"12":13},"b":{"0":[9],"1":[2,7],"2":[1,8],"3":[5],"4":[0,5],"5":[0,5],"6":[1,4],"7":[2,2],"8":[3,2],"9":[2,1],"10":[4],"11":[2,2],"12":[1,3],"13":[1,5],"14":[0,5],"15":[3],"16":[1,2],"17":[2],"18":[1,1],"19":[8],"20":[14,0],"21":[13,0]},"meta":{"lastBranch":22,"lastFunction":13,"lastStatement":53,"seen":{"f:16:16:16:Infinity":0,"b:18:44:18:Infinity":0,"s:21:14:21:Infinity":0,"b:21:43:21:64:21:64:21:Infinity":1,"b:24:2:24:Infinity:undefined:undefined:undefined:undefined":2,"s:24:2:24:Infinity":1,"s:24:18:24:Infinity":2,"s:27:25:27:Infinity":3,"s:28:20:31:Infinity":4,"s:33:2:33:Infinity":5,"f:46:16:46:Infinity":1,"b:48:44:48:Infinity":3,"s:50:14:50:Infinity":6,"b:50:43:50:64:50:64:50:Infinity":4,"b:52:2:52:Infinity:undefined:undefined:undefined:undefined":5,"s:52:2:52:Infinity":7,"s:52:18:52:Infinity":8,"s:54:25:54:Infinity":9,"s:55:17:55:Infinity":10,"s:58:15:58:Infinity":11,"s:59:16:59:Infinity":12,"b:61:2:67:Infinity:64:9:67:Infinity":6,"s:61:2:67:Infinity":13,"s:62:4:62:Infinity":14,"s:63:4:63:Infinity":15,"b:64:9:67:Infinity:undefined:undefined:undefined:undefined":7,"s:64:9:67:Infinity":16,"s:65:4:65:Infinity":17,"s:66:4:66:Infinity":18,"s:70:18:70:Infinity":19,"s:73:22:73:Infinity":20,"b:74:2:78:Infinity:undefined:undefined:undefined:undefined":8,"s:74:2:78:Infinity":21,"s:76:27:76:Infinity":22,"s:77:4:77:Infinity":23,"b:77:43:77:47:77:47:77:Infinity":9,"s:80:20:83:Infinity":24,"s:85:2:85:Infinity":25,"f:97:16:97:30":2,"b:97:79:97:90":10,"s:98:14:98:Infinity":26,"b:98:43:98:64:98:64:98:Infinity":11,"b:100:2:100:Infinity:undefined:undefined:undefined:undefined":12,"s:100:2:100:Infinity":27,"s:100:18:100:Infinity":28,"s:103:2:106:Infinity":29,"f:118:16:118:30":3,"b:119:2:119:Infinity:undefined:undefined:undefined:undefined":13,"s:119:2:119:Infinity":30,"s:119:20:119:Infinity":31,"s:122:16:125:Infinity":32,"s:127:14:127:Infinity":33,"s:128:2:128:Infinity":34,"b:128:22:128:26:128:26:128:Infinity":14,"f:138:16:138:36":4,"b:138:89:138:100":15,"b:139:2:139:Infinity:undefined:undefined:undefined:undefined":16,"s:139:2:139:Infinity":35,"s:139:19:139:Infinity":36,"s:141:22:141:Infinity":37,"s:142:2:145:Infinity":38,"f:154:16:154:35":5,"s:155:2:155:Infinity":39,"f:166:16:166:33":6,"b:166:91:166:106":17,"s:167:17:167:Infinity":40,"b:167:31:167:37:167:37:167:Infinity":18,"s:168:2:168:Infinity":41,"f:179:16:179:31":7,"b:179:71:179:82":19,"s:180:17:180:Infinity":42,"s:181:2:181:Infinity":43,"f:188:16:188:27":8,"s:189:17:189:Infinity":44,"s:190:14:190:Infinity":45,"f:190:22:190:30":9,"s:190:43:190:75":46,"s:191:2:191:Infinity":47,"f:197:16:197:32":10,"s:198:2:198:Infinity":48,"f:203:9:203:27":11,"s:204:42:209:Infinity":49,"s:210:2:210:Infinity":50,"b:210:9:210:30:210:30:210:Infinity":20,"f:213:9:213:27":12,"s:214:42:219:Infinity":51,"s:220:2:220:Infinity":52,"b:220:9:220:30:220:30:220:Infinity":21},"fnNames":{}}}
,"E:\\project\\PFOS\\src\\lib\\emi.ts": {"path":"E:\\project\\PFOS\\src\\lib\\emi.ts","statementMap":{"0":{"start":{"line":45,"column":14},"end":{"line":45,"column":null}},"1":{"start":{"line":46,"column":20},"end":{"line":46,"column":null}},"2":{"start":{"line":47,"column":23},"end":{"line":47,"column":null}},"3":{"start":{"line":48,"column":22},"end":{"line":48,"column":null}},"4":{"start":{"line":49,"column":21},"end":{"line":49,"column":null}},"5":{"start":{"line":50,"column":20},"end":{"line":50,"column":null}},"6":{"start":{"line":52,"column":8},"end":{"line":52,"column":null}},"7":{"start":{"line":53,"column":15},"end":{"line":53,"column":null}},"8":{"start":{"line":54,"column":20},"end":{"line":54,"column":null}},"9":{"start":{"line":55,"column":20},"end":{"line":55,"column":null}},"10":{"start":{"line":57,"column":2},"end":{"line":64,"column":null}},"11":{"start":{"line":68,"column":29},"end":{"line":68,"column":null}},"12":{"start":{"line":69,"column":14},"end":{"line":69,"column":null}},"13":{"start":{"line":71,"column":2},"end":{"line":99,"column":null}},"14":{"start":{"line":72,"column":4},"end":{"line":72,"column":null}},"15":{"start":{"line":72,"column":23},"end":{"line":72,"column":null}},"16":{"start":{"line":74,"column":21},"end":{"line":74,"column":null}},"17":{"start":{"line":75,"column":4},"end":{"line":75,"column":null}},"18":{"start":{"line":75,"column":30},"end":{"line":75,"column":null}},"19":{"start":{"line":77,"column":22},"end":{"line":77,"column":null}},"20":{"start":{"line":78,"column":24},"end":{"line":78,"column":null}},"21":{"start":{"line":81,"column":4},"end":{"line":83,"column":null}},"22":{"start":{"line":82,"column":6},"end":{"line":82,"column":null}},"23":{"start":{"line":85,"column":25},"end":{"line":85,"column":null}},"24":{"start":{"line":86,"column":22},"end":{"line":86,"column":null}},"25":{"start":{"line":88,"column":4},"end":{"line":98,"column":null}},"26":{"start":{"line":89,"column":6},"end":{"line":97,"column":null}},"27":{"start":{"line":101,"column":2},"end":{"line":101,"column":null}},"28":{"start":{"line":101,"column":31},"end":{"line":101,"column":62}}},"fnMap":{"0":{"name":"calculateEMIProgress","decl":{"start":{"line":44,"column":16},"end":{"line":44,"column":37}},"loc":{"start":{"line":44,"column":52},"end":{"line":65,"column":null}},"line":44},"1":{"name":"getEMIAlerts","decl":{"start":{"line":67,"column":16},"end":{"line":67,"column":29}},"loc":{"start":{"line":67,"column":59},"end":{"line":102,"column":null}},"line":67},"2":{"name":"(anonymous_2)","decl":{"start":{"line":101,"column":16},"end":{"line":101,"column":22}},"loc":{"start":{"line":101,"column":31},"end":{"line":101,"column":62}},"line":101}},"branchMap":{"0":{"loc":{"start":{"line":72,"column":4},"end":{"line":72,"column":null}},"type":"if","locations":[{"start":{"line":72,"column":4},"end":{"line":72,"column":null}},{"start":{},"end":{}}],"line":72},"1":{"loc":{"start":{"line":75,"column":4},"end":{"line":75,"column":null}},"type":"if","locations":[{"start":{"line":75,"column":4},"end":{"line":75,"column":null}},{"start":{},"end":{}}],"line":75},"2":{"loc":{"start":{"line":81,"column":4},"end":{"line":83,"column":null}},"type":"if","locations":[{"start":{"line":81,"column":4},"end":{"line":83,"column":null}},{"start":{},"end":{}}],"line":81},"3":{"loc":{"start":{"line":88,"column":4},"end":{"line":98,"column":null}},"type":"if","locations":[{"start":{"line":88,"column":4},"end":{"line":98,"column":null}},{"start":{},"end":{}}],"line":88},"4":{"loc":{"start":{"line":88,"column":8},"end":{"line":88,"column":61}},"type":"binary-expr","locations":[{"start":{"line":88,"column":8},"end":{"line":88,"column":21}},{"start":{"line":88,"column":21},"end":{"line":88,"column":61}}],"line":88}},"s":{"0":9,"1":9,"2":9,"3":9,"4":9,"5":9,"6":9,"7":9,"8":9,"9":9,"10":9,"11":4,"12":4,"13":4,"14":6,"15":1,"16":5,"17":5,"18":1,"19":4,"20":4,"21":4,"22":4,"23":4,"24":4,"25":4,"26":4,"27":4,"28":1},"f":{"0":9,"1":4,"2":1},"b":{"0":[1,5],"1":[1,4],"2":[4,0],"3":[4,0],"4":[4,2]},"meta":{"lastBranch":5,"lastFunction":3,"lastStatement":29,"seen":{"f:44:16:44:37":0,"s:45:14:45:Infinity":0,"s:46:20:46:Infinity":1,"s:47:23:47:Infinity":2,"s:48:22:48:Infinity":3,"s:49:21:49:Infinity":4,"s:50:20:50:Infinity":5,"s:52:8:52:Infinity":6,"s:53:15:53:Infinity":7,"s:54:20:54:Infinity":8,"s:55:20:55:Infinity":9,"s:57:2:64:Infinity":10,"f:67:16:67:29":1,"s:68:29:68:Infinity":11,"s:69:14:69:Infinity":12,"s:71:2:99:Infinity":13,"b:72:4:72:Infinity:undefined:undefined:undefined:undefined":0,"s:72:4:72:Infinity":14,"s:72:23:72:Infinity":15,"s:74:21:74:Infinity":16,"b:75:4:75:Infinity:undefined:undefined:undefined:undefined":1,"s:75:4:75:Infinity":17,"s:75:30:75:Infinity":18,"s:77:22:77:Infinity":19,"s:78:24:78:Infinity":20,"b:81:4:83:Infinity:undefined:undefined:undefined:undefined":2,"s:81:4:83:Infinity":21,"s:82:6:82:Infinity":22,"s:85:25:85:Infinity":23,"s:86:22:86:Infinity":24,"b:88:4:98:Infinity:undefined:undefined:undefined:undefined":3,"s:88:4:98:Infinity":25,"b:88:8:88:21:88:21:88:61":4,"s:89:6:97:Infinity":26,"s:101:2:101:Infinity":27,"f:101:16:101:22":2,"s:101:31:101:62":28},"fnNames":{}}}
,"E:\\project\\PFOS\\src\\lib\\finance.ts": {"path":"E:\\project\\PFOS\\src\\lib\\finance.ts","statementMap":{"0":{"start":{"line":7,"column":43},"end":{"line":7,"column":null}},"1":{"start":{"line":8,"column":2},"end":{"line":8,"column":null}},"2":{"start":{"line":8,"column":27},"end":{"line":8,"column":59}},"3":{"start":{"line":10,"column":2},"end":{"line":26,"column":null}},"4":{"start":{"line":11,"column":4},"end":{"line":11,"column":null}},"5":{"start":{"line":11,"column":20},"end":{"line":11,"column":null}},"6":{"start":{"line":14,"column":18},"end":{"line":14,"column":null}},"7":{"start":{"line":15,"column":4},"end":{"line":25,"column":null}},"8":{"start":{"line":17,"column":6},"end":{"line":17,"column":null}},"9":{"start":{"line":18,"column":18},"end":{"line":18,"column":null}},"10":{"start":{"line":19,"column":6},"end":{"line":19,"column":null}},"11":{"start":{"line":19,"column":14},"end":{"line":19,"column":null}},"12":{"start":{"line":20,"column":11},"end":{"line":25,"column":null}},"13":{"start":{"line":21,"column":6},"end":{"line":21,"column":null}},"14":{"start":{"line":24,"column":6},"end":{"line":24,"column":null}},"15":{"start":{"line":28,"column":2},"end":{"line":28,"column":null}},"16":{"start":{"line":28,"column":30},"end":{"line":28,"column":77}},"17":{"start":{"line":32,"column":14},"end":{"line":32,"column":null}},"18":{"start":{"line":33,"column":12},"end":{"line":33,"column":null}},"19":{"start":{"line":34,"column":8},"end":{"line":34,"column":null}},"20":{"start":{"line":36,"column":16},"end":{"line":36,"column":null}},"21":{"start":{"line":37,"column":14},"end":{"line":37,"column":null}},"22":{"start":{"line":39,"column":15},"end":{"line":39,"column":null}},"23":{"start":{"line":40,"column":17},"end":{"line":40,"column":null}},"24":{"start":{"line":42,"column":2},"end":{"line":50,"column":null}},"25":{"start":{"line":43,"column":14},"end":{"line":43,"column":null}},"26":{"start":{"line":44,"column":4},"end":{"line":49,"column":null}},"27":{"start":{"line":45,"column":20},"end":{"line":45,"column":null}},"28":{"start":{"line":46,"column":6},"end":{"line":47,"column":null}},"29":{"start":{"line":46,"column":29},"end":{"line":46,"column":null}},"30":{"start":{"line":47,"column":11},"end":{"line":47,"column":null}},"31":{"start":{"line":47,"column":35},"end":{"line":47,"column":null}},"32":{"start":{"line":52,"column":2},"end":{"line":52,"column":null}},"33":{"start":{"line":56,"column":15},"end":{"line":56,"column":null}},"34":{"start":{"line":57,"column":17},"end":{"line":57,"column":null}},"35":{"start":{"line":58,"column":2},"end":{"line":62,"column":null}},"36":{"start":{"line":59,"column":18},"end":{"line":59,"column":null}},"37":{"start":{"line":60,"column":4},"end":{"line":61,"column":null}},"38":{"start":{"line":60,"column":27},"end":{"line":60,"column":null}},"39":{"start":{"line":61,"column":9},"end":{"line":61,"column":null}},"40":{"start":{"line":61,"column":33},"end":{"line":61,"column":null}},"41":{"start":{"line":63,"column":2},"end":{"line":63,"column":null}},"42":{"start":{"line":67,"column":16},"end":{"line":67,"column":null}},"43":{"start":{"line":68,"column":14},"end":{"line":68,"column":null}},"44":{"start":{"line":69,"column":2},"end":{"line":69,"column":null}},"45":{"start":{"line":73,"column":14},"end":{"line":73,"column":null}},"46":{"start":{"line":74,"column":16},"end":{"line":74,"column":null}},"47":{"start":{"line":75,"column":2},"end":{"line":75,"column":null}},"48":{"start":{"line":76,"column":2},"end":{"line":76,"column":null}},"49":{"start":{"line":77,"column":14},"end":{"line":77,"column":null}},"50":{"start":{"line":78,"column":2},"end":{"line":78,"column":null}},"51":{"start":{"line":79,"column":2},"end":{"line":79,"column":null}},"52":{"start":{"line":80,"column":2},"end":{"line":80,"column":null}},"53":{"start":{"line":84,"column":16},"end":{"line":84,"column":null}},"54":{"start":{"line":85,"column":2},"end":{"line":85,"column":null}},"55":{"start":{"line":86,"column":14},"end":{"line":86,"column":null}},"56":{"start":{"line":87,"column":2},"end":{"line":87,"column":null}},"57":{"start":{"line":88,"column":2},"end":{"line":88,"column":null}},"58":{"start":{"line":92,"column":2},"end":{"line":92,"column":null}}},"fnMap":{"0":{"name":"computeAccountBalances","decl":{"start":{"line":5,"column":16},"end":{"line":5,"column":39}},"loc":{"start":{"line":5,"column":91},"end":{"line":29,"column":null}},"line":5},"1":{"name":"(anonymous_1)","decl":{"start":{"line":8,"column":11},"end":{"line":8,"column":20}},"loc":{"start":{"line":8,"column":27},"end":{"line":8,"column":59}},"line":8},"2":{"name":"(anonymous_2)","decl":{"start":{"line":10,"column":15},"end":{"line":10,"column":24}},"loc":{"start":{"line":10,"column":30},"end":{"line":26,"column":3}},"line":10},"3":{"name":"(anonymous_3)","decl":{"start":{"line":28,"column":18},"end":{"line":28,"column":23}},"loc":{"start":{"line":28,"column":30},"end":{"line":28,"column":77}},"line":28},"4":{"name":"getMonthlyTotals","decl":{"start":{"line":31,"column":16},"end":{"line":31,"column":33}},"loc":{"start":{"line":31,"column":93},"end":{"line":53,"column":null}},"line":31},"5":{"name":"(anonymous_5)","decl":{"start":{"line":42,"column":15},"end":{"line":42,"column":24}},"loc":{"start":{"line":42,"column":30},"end":{"line":50,"column":3}},"line":42},"6":{"name":"computeTotals","decl":{"start":{"line":55,"column":16},"end":{"line":55,"column":30}},"loc":{"start":{"line":55,"column":59},"end":{"line":64,"column":null}},"line":55},"7":{"name":"(anonymous_7)","decl":{"start":{"line":58,"column":15},"end":{"line":58,"column":24}},"loc":{"start":{"line":58,"column":30},"end":{"line":62,"column":3}},"line":58},"8":{"name":"getMonthRange","decl":{"start":{"line":66,"column":16},"end":{"line":66,"column":30}},"loc":{"start":{"line":66,"column":59},"end":{"line":70,"column":null}},"line":66},"9":{"name":"getWeekRange","decl":{"start":{"line":72,"column":16},"end":{"line":72,"column":29}},"loc":{"start":{"line":72,"column":41},"end":{"line":81,"column":null}},"line":72},"10":{"name":"getDayRange","decl":{"start":{"line":83,"column":16},"end":{"line":83,"column":28}},"loc":{"start":{"line":83,"column":40},"end":{"line":89,"column":null}},"line":83},"11":{"name":"getMonthLabel","decl":{"start":{"line":91,"column":16},"end":{"line":91,"column":30}},"loc":{"start":{"line":91,"column":42},"end":{"line":93,"column":null}},"line":91}},"branchMap":{"0":{"loc":{"start":{"line":8,"column":44},"end":{"line":8,"column":59}},"type":"binary-expr","locations":[{"start":{"line":8,"column":44},"end":{"line":8,"column":57}},{"start":{"line":8,"column":57},"end":{"line":8,"column":59}}],"line":8},"1":{"loc":{"start":{"line":11,"column":4},"end":{"line":11,"column":null}},"type":"if","locations":[{"start":{"line":11,"column":4},"end":{"line":11,"column":null}},{"start":{},"end":{}}],"line":11},"2":{"loc":{"start":{"line":15,"column":4},"end":{"line":25,"column":null}},"type":"if","locations":[{"start":{"line":15,"column":4},"end":{"line":25,"column":null}},{"start":{"line":20,"column":11},"end":{"line":25,"column":null}}],"line":15},"3":{"loc":{"start":{"line":17,"column":29},"end":{"line":17,"column":58}},"type":"binary-expr","locations":[{"start":{"line":17,"column":29},"end":{"line":17,"column":52}},{"start":{"line":17,"column":52},"end":{"line":17,"column":58}}],"line":17},"4":{"loc":{"start":{"line":17,"column":58},"end":{"line":17,"column":null}},"type":"binary-expr","locations":[{"start":{"line":17,"column":58},"end":{"line":17,"column":70}},{"start":{"line":17,"column":70},"end":{"line":17,"column":null}}],"line":17},"5":{"loc":{"start":{"line":19,"column":6},"end":{"line":19,"column":null}},"type":"if","locations":[{"start":{"line":19,"column":6},"end":{"line":19,"column":null}},{"start":{},"end":{}}],"line":19},"6":{"loc":{"start":{"line":19,"column":30},"end":{"line":19,"column":52}},"type":"binary-expr","locations":[{"start":{"line":19,"column":30},"end":{"line":19,"column":46}},{"start":{"line":19,"column":46},"end":{"line":19,"column":52}}],"line":19},"7":{"loc":{"start":{"line":19,"column":52},"end":{"line":19,"column":null}},"type":"binary-expr","locations":[{"start":{"line":19,"column":52},"end":{"line":19,"column":64}},{"start":{"line":19,"column":64},"end":{"line":19,"column":null}}],"line":19},"8":{"loc":{"start":{"line":20,"column":11},"end":{"line":25,"column":null}},"type":"if","locations":[{"start":{"line":20,"column":11},"end":{"line":25,"column":null}},{"start":{"line":22,"column":11},"end":{"line":25,"column":null}}],"line":20},"9":{"loc":{"start":{"line":21,"column":29},"end":{"line":21,"column":58}},"type":"binary-expr","locations":[{"start":{"line":21,"column":29},"end":{"line":21,"column":52}},{"start":{"line":21,"column":52},"end":{"line":21,"column":58}}],"line":21},"10":{"loc":{"start":{"line":21,"column":58},"end":{"line":21,"column":null}},"type":"binary-expr","locations":[{"start":{"line":21,"column":58},"end":{"line":21,"column":70}},{"start":{"line":21,"column":70},"end":{"line":21,"column":null}}],"line":21},"11":{"loc":{"start":{"line":24,"column":29},"end":{"line":24,"column":58}},"type":"binary-expr","locations":[{"start":{"line":24,"column":29},"end":{"line":24,"column":52}},{"start":{"line":24,"column":52},"end":{"line":24,"column":58}}],"line":24},"12":{"loc":{"start":{"line":24,"column":58},"end":{"line":24,"column":null}},"type":"binary-expr","locations":[{"start":{"line":24,"column":58},"end":{"line":24,"column":70}},{"start":{"line":24,"column":70},"end":{"line":24,"column":null}}],"line":24},"13":{"loc":{"start":{"line":28,"column":47},"end":{"line":28,"column":75}},"type":"binary-expr","locations":[{"start":{"line":28,"column":47},"end":{"line":28,"column":65}},{"start":{"line":28,"column":65},"end":{"line":28,"column":75}}],"line":28},"14":{"loc":{"start":{"line":33,"column":12},"end":{"line":33,"column":null}},"type":"binary-expr","locations":[{"start":{"line":33,"column":12},"end":{"line":33,"column":20}},{"start":{"line":33,"column":20},"end":{"line":33,"column":null}}],"line":33},"15":{"loc":{"start":{"line":34,"column":13},"end":{"line":34,"column":44}},"type":"binary-expr","locations":[{"start":{"line":34,"column":13},"end":{"line":34,"column":22}},{"start":{"line":34,"column":22},"end":{"line":34,"column":44}}],"line":34},"16":{"loc":{"start":{"line":44,"column":4},"end":{"line":49,"column":null}},"type":"if","locations":[{"start":{"line":44,"column":4},"end":{"line":49,"column":null}},{"start":{},"end":{}}],"line":44},"17":{"loc":{"start":{"line":44,"column":8},"end":{"line":44,"column":32}},"type":"binary-expr","locations":[{"start":{"line":44,"column":8},"end":{"line":44,"column":22}},{"start":{"line":44,"column":22},"end":{"line":44,"column":32}}],"line":44},"18":{"loc":{"start":{"line":46,"column":6},"end":{"line":47,"column":null}},"type":"if","locations":[{"start":{"line":46,"column":6},"end":{"line":47,"column":null}},{"start":{"line":47,"column":11},"end":{"line":47,"column":null}}],"line":46},"19":{"loc":{"start":{"line":46,"column":39},"end":{"line":46,"column":null}},"type":"binary-expr","locations":[{"start":{"line":46,"column":39},"end":{"line":46,"column":51}},{"start":{"line":46,"column":51},"end":{"line":46,"column":null}}],"line":46},"20":{"loc":{"start":{"line":47,"column":11},"end":{"line":47,"column":null}},"type":"if","locations":[{"start":{"line":47,"column":11},"end":{"line":47,"column":null}},{"start":{},"end":{}}],"line":47},"21":{"loc":{"start":{"line":47,"column":47},"end":{"line":47,"column":null}},"type":"binary-expr","locations":[{"start":{"line":47,"column":47},"end":{"line":47,"column":59}},{"start":{"line":47,"column":59},"end":{"line":47,"column":null}}],"line":47},"22":{"loc":{"start":{"line":60,"column":4},"end":{"line":61,"column":null}},"type":"if","locations":[{"start":{"line":60,"column":4},"end":{"line":61,"column":null}},{"start":{"line":61,"column":9},"end":{"line":61,"column":null}}],"line":60},"23":{"loc":{"start":{"line":60,"column":37},"end":{"line":60,"column":null}},"type":"binary-expr","locations":[{"start":{"line":60,"column":37},"end":{"line":60,"column":49}},{"start":{"line":60,"column":49},"end":{"line":60,"column":null}}],"line":60},"24":{"loc":{"start":{"line":61,"column":9},"end":{"line":61,"column":null}},"type":"if","locations":[{"start":{"line":61,"column":9},"end":{"line":61,"column":null}},{"start":{},"end":{}}],"line":61},"25":{"loc":{"start":{"line":61,"column":45},"end":{"line":61,"column":null}},"type":"binary-expr","locations":[{"start":{"line":61,"column":45},"end":{"line":61,"column":57}},{"start":{"line":61,"column":57},"end":{"line":61,"column":null}}],"line":61}},"s":{"0":5,"1":5,"2":6,"3":5,"4":4,"5":1,"6":3,"7":3,"8":1,"9":1,"10":1,"11":1,"12":2,"13":1,"14":1,"15":5,"16":6,"17":4,"18":4,"19":4,"20":4,"21":4,"22":4,"23":4,"24":4,"25":3,"26":3,"27":3,"28":3,"29":1,"30":2,"31":1,"32":4,"33":2,"34":2,"35":2,"36":2,"37":2,"38":1,"39":1,"40":1,"41":2,"42":2,"43":2,"44":2,"45":1,"46":1,"47":1,"48":1,"49":1,"50":1,"51":1,"52":1,"53":1,"54":1,"55":1,"56":1,"57":1,"58":1},"f":{"0":5,"1":6,"2":4,"3":6,"4":4,"5":3,"6":2,"7":2,"8":2,"9":1,"10":1,"11":1},"b":{"0":[6,2],"1":[1,3],"2":[1,2],"3":[1,0],"4":[1,0],"5":[1,0],"6":[1,0],"7":[1,0],"8":[1,1],"9":[1,0],"10":[1,0],"11":[1,0],"12":[1,0],"13":[6,0],"14":[4,0],"15":[4,0],"16":[3,0],"17":[3,3],"18":[1,2],"19":[1,0],"20":[1,1],"21":[1,0],"22":[1,1],"23":[1,0],"24":[1,0],"25":[1,0]},"meta":{"lastBranch":26,"lastFunction":12,"lastStatement":59,"seen":{"f:5:16:5:39":0,"s:7:43:7:Infinity":0,"s:8:2:8:Infinity":1,"f:8:11:8:20":1,"s:8:27:8:59":2,"b:8:44:8:57:8:57:8:59":0,"s:10:2:26:Infinity":3,"f:10:15:10:24":2,"b:11:4:11:Infinity:undefined:undefined:undefined:undefined":1,"s:11:4:11:Infinity":4,"s:11:20:11:Infinity":5,"s:14:18:14:Infinity":6,"b:15:4:25:Infinity:20:11:25:Infinity":2,"s:15:4:25:Infinity":7,"s:17:6:17:Infinity":8,"b:17:29:17:52:17:52:17:58":3,"b:17:58:17:70:17:70:17:Infinity":4,"s:18:18:18:Infinity":9,"b:19:6:19:Infinity:undefined:undefined:undefined:undefined":5,"s:19:6:19:Infinity":10,"s:19:14:19:Infinity":11,"b:19:30:19:46:19:46:19:52":6,"b:19:52:19:64:19:64:19:Infinity":7,"b:20:11:25:Infinity:22:11:25:Infinity":8,"s:20:11:25:Infinity":12,"s:21:6:21:Infinity":13,"b:21:29:21:52:21:52:21:58":9,"b:21:58:21:70:21:70:21:Infinity":10,"s:24:6:24:Infinity":14,"b:24:29:24:52:24:52:24:58":11,"b:24:58:24:70:24:70:24:Infinity":12,"s:28:2:28:Infinity":15,"f:28:18:28:23":3,"s:28:30:28:77":16,"b:28:47:28:65:28:65:28:75":13,"f:31:16:31:33":4,"s:32:14:32:Infinity":17,"s:33:12:33:Infinity":18,"b:33:12:33:20:33:20:33:Infinity":14,"s:34:8:34:Infinity":19,"b:34:13:34:22:34:22:34:44":15,"s:36:16:36:Infinity":20,"s:37:14:37:Infinity":21,"s:39:15:39:Infinity":22,"s:40:17:40:Infinity":23,"s:42:2:50:Infinity":24,"f:42:15:42:24":5,"s:43:14:43:Infinity":25,"b:44:4:49:Infinity:undefined:undefined:undefined:undefined":16,"s:44:4:49:Infinity":26,"b:44:8:44:22:44:22:44:32":17,"s:45:20:45:Infinity":27,"b:46:6:47:Infinity:47:11:47:Infinity":18,"s:46:6:47:Infinity":28,"s:46:29:46:Infinity":29,"b:46:39:46:51:46:51:46:Infinity":19,"b:47:11:47:Infinity:undefined:undefined:undefined:undefined":20,"s:47:11:47:Infinity":30,"s:47:35:47:Infinity":31,"b:47:47:47:59:47:59:47:Infinity":21,"s:52:2:52:Infinity":32,"f:55:16:55:30":6,"s:56:15:56:Infinity":33,"s:57:17:57:Infinity":34,"s:58:2:62:Infinity":35,"f:58:15:58:24":7,"s:59:18:59:Infinity":36,"b:60:4:61:Infinity:61:9:61:Infinity":22,"s:60:4:61:Infinity":37,"s:60:27:60:Infinity":38,"b:60:37:60:49:60:49:60:Infinity":23,"b:61:9:61:Infinity:undefined:undefined:undefined:undefined":24,"s:61:9:61:Infinity":39,"s:61:33:61:Infinity":40,"b:61:45:61:57:61:57:61:Infinity":25,"s:63:2:63:Infinity":41,"f:66:16:66:30":8,"s:67:16:67:Infinity":42,"s:68:14:68:Infinity":43,"s:69:2:69:Infinity":44,"f:72:16:72:29":9,"s:73:14:73:Infinity":45,"s:74:16:74:Infinity":46,"s:75:2:75:Infinity":47,"s:76:2:76:Infinity":48,"s:77:14:77:Infinity":49,"s:78:2:78:Infinity":50,"s:79:2:79:Infinity":51,"s:80:2:80:Infinity":52,"f:83:16:83:28":10,"s:84:16:84:Infinity":53,"s:85:2:85:Infinity":54,"s:86:14:86:Infinity":55,"s:87:2:87:Infinity":56,"s:88:2:88:Infinity":57,"f:91:16:91:30":11,"s:92:2:92:Infinity":58},"fnNames":{}}}
,"E:\\project\\PFOS\\src\\lib\\tax-planner.ts": {"path":"E:\\project\\PFOS\\src\\lib\\tax-planner.ts","statementMap":{"0":{"start":{"line":35,"column":15},"end":{"line":35,"column":null}},"1":{"start":{"line":36,"column":16},"end":{"line":36,"column":null}},"2":{"start":{"line":37,"column":2},"end":{"line":39,"column":null}},"3":{"start":{"line":38,"column":4},"end":{"line":38,"column":null}},"4":{"start":{"line":40,"column":2},"end":{"line":40,"column":null}},"5":{"start":{"line":43,"column":64},"end":{"line":49,"column":null}},"6":{"start":{"line":52,"column":2},"end":{"line":52,"column":null}},"7":{"start":{"line":52,"column":59},"end":{"line":52,"column":141}},"8":{"start":{"line":57,"column":2},"end":{"line":57,"column":null}},"9":{"start":{"line":57,"column":31},"end":{"line":57,"column":null}},"10":{"start":{"line":58,"column":18},"end":{"line":58,"column":null}},"11":{"start":{"line":59,"column":12},"end":{"line":59,"column":null}},"12":{"start":{"line":60,"column":16},"end":{"line":68,"column":null}},"13":{"start":{"line":70,"column":14},"end":{"line":70,"column":null}},"14":{"start":{"line":71,"column":2},"end":{"line":79,"column":null}},"15":{"start":{"line":72,"column":22},"end":{"line":72,"column":null}},"16":{"start":{"line":73,"column":4},"end":{"line":76,"column":null}},"17":{"start":{"line":74,"column":21},"end":{"line":74,"column":null}},"18":{"start":{"line":75,"column":6},"end":{"line":75,"column":null}},"19":{"start":{"line":77,"column":4},"end":{"line":77,"column":null}},"20":{"start":{"line":78,"column":4},"end":{"line":78,"column":null}},"21":{"start":{"line":78,"column":32},"end":{"line":78,"column":null}},"22":{"start":{"line":82,"column":2},"end":{"line":82,"column":null}},"23":{"start":{"line":86,"column":8},"end":{"line":86,"column":null}},"24":{"start":{"line":87,"column":26},"end":{"line":87,"column":null}},"25":{"start":{"line":87,"column":82},"end":{"line":87,"column":96}},"26":{"start":{"line":88,"column":18},"end":{"line":88,"column":null}},"27":{"start":{"line":89,"column":23},"end":{"line":89,"column":null}},"28":{"start":{"line":90,"column":20},"end":{"line":90,"column":null}},"29":{"start":{"line":91,"column":2},"end":{"line":91,"column":null}},"30":{"start":{"line":95,"column":18},"end":{"line":95,"column":null}},"31":{"start":{"line":96,"column":32},"end":{"line":96,"column":null}},"32":{"start":{"line":97,"column":2},"end":{"line":100,"column":null}},"33":{"start":{"line":98,"column":22},"end":{"line":98,"column":null}},"34":{"start":{"line":99,"column":4},"end":{"line":99,"column":null}},"35":{"start":{"line":99,"column":23},"end":{"line":99,"column":null}},"36":{"start":{"line":101,"column":2},"end":{"line":101,"column":null}}},"fnMap":{"0":{"name":"currentIndiaFY","decl":{"start":{"line":34,"column":16},"end":{"line":34,"column":31}},"loc":{"start":{"line":34,"column":59},"end":{"line":41,"column":null}},"line":34},"1":{"name":"summarizeDeductions","decl":{"start":{"line":51,"column":16},"end":{"line":51,"column":36}},"loc":{"start":{"line":51,"column":98},"end":{"line":53,"column":null}},"line":51},"2":{"name":"(anonymous_2)","decl":{"start":{"line":52,"column":47},"end":{"line":52,"column":52}},"loc":{"start":{"line":52,"column":59},"end":{"line":52,"column":141}},"line":52},"3":{"name":"estimateTaxIndia","decl":{"start":{"line":56,"column":16},"end":{"line":56,"column":33}},"loc":{"start":{"line":56,"column":64},"end":{"line":83,"column":null}},"line":56},"4":{"name":"estimateTax","decl":{"start":{"line":85,"column":16},"end":{"line":85,"column":28}},"loc":{"start":{"line":85,"column":61},"end":{"line":92,"column":null}},"line":85},"5":{"name":"(anonymous_5)","decl":{"start":{"line":87,"column":65},"end":{"line":87,"column":73}},"loc":{"start":{"line":87,"column":82},"end":{"line":87,"column":96}},"line":87},"6":{"name":"analyzeTaxSavings","decl":{"start":{"line":94,"column":16},"end":{"line":94,"column":34}},"loc":{"start":{"line":94,"column":75},"end":{"line":102,"column":null}},"line":94}},"branchMap":{"0":{"loc":{"start":{"line":34,"column":31},"end":{"line":34,"column":59}},"type":"default-arg","locations":[{"start":{"line":34,"column":38},"end":{"line":34,"column":59}}],"line":34},"1":{"loc":{"start":{"line":37,"column":2},"end":{"line":39,"column":null}},"type":"if","locations":[{"start":{"line":37,"column":2},"end":{"line":39,"column":null}},{"start":{},"end":{}}],"line":37},"2":{"loc":{"start":{"line":51,"column":36},"end":{"line":51,"column":98}},"type":"default-arg","locations":[{"start":{"line":51,"column":73},"end":{"line":51,"column":98}}],"line":51},"3":{"loc":{"start":{"line":52,"column":84},"end":{"line":52,"column":104}},"type":"binary-expr","locations":[{"start":{"line":52,"column":84},"end":{"line":52,"column":101}},{"start":{"line":52,"column":101},"end":{"line":52,"column":104}}],"line":52},"4":{"loc":{"start":{"line":57,"column":2},"end":{"line":57,"column":null}},"type":"if","locations":[{"start":{"line":57,"column":2},"end":{"line":57,"column":null}},{"start":{},"end":{}}],"line":57},"5":{"loc":{"start":{"line":73,"column":4},"end":{"line":76,"column":null}},"type":"if","locations":[{"start":{"line":73,"column":4},"end":{"line":76,"column":null}},{"start":{},"end":{}}],"line":73},"6":{"loc":{"start":{"line":78,"column":4},"end":{"line":78,"column":null}},"type":"if","locations":[{"start":{"line":78,"column":4},"end":{"line":78,"column":null}},{"start":{},"end":{}}],"line":78},"7":{"loc":{"start":{"line":86,"column":17},"end":{"line":86,"column":46}},"type":"binary-expr","locations":[{"start":{"line":86,"column":17},"end":{"line":86,"column":40}},{"start":{"line":86,"column":40},"end":{"line":86,"column":46}}],"line":86},"8":{"loc":{"start":{"line":86,"column":46},"end":{"line":86,"column":77}},"type":"binary-expr","locations":[{"start":{"line":86,"column":46},"end":{"line":86,"column":71}},{"start":{"line":86,"column":71},"end":{"line":86,"column":77}}],"line":86},"9":{"loc":{"start":{"line":86,"column":77},"end":{"line":86,"column":110}},"type":"binary-expr","locations":[{"start":{"line":86,"column":77},"end":{"line":86,"column":104}},{"start":{"line":86,"column":104},"end":{"line":86,"column":110}}],"line":86},"10":{"loc":{"start":{"line":86,"column":110},"end":{"line":86,"column":140}},"type":"binary-expr","locations":[{"start":{"line":86,"column":110},"end":{"line":86,"column":134}},{"start":{"line":86,"column":134},"end":{"line":86,"column":140}}],"line":86},"11":{"loc":{"start":{"line":86,"column":140},"end":{"line":86,"column":null}},"type":"binary-expr","locations":[{"start":{"line":86,"column":140},"end":{"line":86,"column":162}},{"start":{"line":86,"column":162},"end":{"line":86,"column":null}}],"line":86},"12":{"loc":{"start":{"line":87,"column":40},"end":{"line":87,"column":63}},"type":"binary-expr","locations":[{"start":{"line":87,"column":40},"end":{"line":87,"column":61}},{"start":{"line":87,"column":61},"end":{"line":87,"column":63}}],"line":87},"13":{"loc":{"start":{"line":87,"column":87},"end":{"line":87,"column":96}},"type":"binary-expr","locations":[{"start":{"line":87,"column":87},"end":{"line":87,"column":92}},{"start":{"line":87,"column":92},"end":{"line":87,"column":96}}],"line":87},"14":{"loc":{"start":{"line":94,"column":34},"end":{"line":94,"column":75}},"type":"default-arg","locations":[{"start":{"line":94,"column":71},"end":{"line":94,"column":75}}],"line":94},"15":{"loc":{"start":{"line":99,"column":4},"end":{"line":99,"column":null}},"type":"if","locations":[{"start":{"line":99,"column":4},"end":{"line":99,"column":null}},{"start":{},"end":{}}],"line":99}},"s":{"0":2,"1":2,"2":2,"3":1,"4":1,"5":1,"6":4,"7":20,"8":12,"9":3,"10":9,"11":9,"12":9,"13":9,"14":9,"15":34,"16":34,"17":34,"18":34,"19":34,"20":34,"21":9,"22":9,"23":3,"24":3,"25":2,"26":3,"27":3,"28":3,"29":3,"30":2,"31":2,"32":2,"33":10,"34":10,"35":5,"36":2},"f":{"0":2,"1":4,"2":20,"3":12,"4":3,"5":2,"6":2},"b":{"0":[2],"1":[1,1],"2":[4],"3":[20,13],"4":[3,9],"5":[34,0],"6":[9,25],"7":[3,1],"8":[3,2],"9":[3,2],"10":[3,3],"11":[3,3],"12":[3,1],"13":[2,0],"14":[2],"15":[5,5]},"meta":{"lastBranch":16,"lastFunction":7,"lastStatement":37,"seen":{"f:34:16:34:31":0,"b:34:38:34:59":0,"s:35:15:35:Infinity":0,"s:36:16:36:Infinity":1,"b:37:2:39:Infinity:undefined:undefined:undefined:undefined":1,"s:37:2:39:Infinity":2,"s:38:4:38:Infinity":3,"s:40:2:40:Infinity":4,"s:43:64:49:Infinity":5,"f:51:16:51:36":1,"b:51:73:51:98":2,"s:52:2:52:Infinity":6,"f:52:47:52:52":2,"s:52:59:52:141":7,"b:52:84:52:101:52:101:52:104":3,"f:56:16:56:33":3,"b:57:2:57:Infinity:undefined:undefined:undefined:undefined":4,"s:57:2:57:Infinity":8,"s:57:31:57:Infinity":9,"s:58:18:58:Infinity":10,"s:59:12:59:Infinity":11,"s:60:16:68:Infinity":12,"s:70:14:70:Infinity":13,"s:71:2:79:Infinity":14,"s:72:22:72:Infinity":15,"b:73:4:76:Infinity:undefined:undefined:undefined:undefined":5,"s:73:4:76:Infinity":16,"s:74:21:74:Infinity":17,"s:75:6:75:Infinity":18,"s:77:4:77:Infinity":19,"b:78:4:78:Infinity:undefined:undefined:undefined:undefined":6,"s:78:4:78:Infinity":20,"s:78:32:78:Infinity":21,"s:82:2:82:Infinity":22,"f:85:16:85:28":4,"s:86:8:86:Infinity":23,"b:86:17:86:40:86:40:86:46":7,"b:86:46:86:71:86:71:86:77":8,"b:86:77:86:104:86:104:86:110":9,"b:86:110:86:134:86:134:86:140":10,"b:86:140:86:162:86:162:86:Infinity":11,"s:87:26:87:Infinity":24,"b:87:40:87:61:87:61:87:63":12,"f:87:65:87:73":5,"s:87:82:87:96":25,"b:87:87:87:92:87:92:87:96":13,"s:88:18:88:Infinity":26,"s:89:23:89:Infinity":27,"s:90:20:90:Infinity":28,"s:91:2:91:Infinity":29,"f:94:16:94:34":6,"b:94:71:94:75":14,"s:95:18:95:Infinity":30,"s:96:32:96:Infinity":31,"s:97:2:100:Infinity":32,"s:98:22:98:Infinity":33,"b:99:4:99:Infinity:undefined:undefined:undefined:undefined":15,"s:99:4:99:Infinity":34,"s:99:23:99:Infinity":35,"s:101:2:101:Infinity":36},"fnNames":{}}}
,"E:\\project\\PFOS\\src\\lib\\transaction-feed.ts": {"path":"E:\\project\\PFOS\\src\\lib\\transaction-feed.ts","statementMap":{"0":{"start":{"line":14,"column":50},"end":{"line":47,"column":null}},"1":{"start":{"line":50,"column":14},"end":{"line":50,"column":null}},"2":{"start":{"line":51,"column":2},"end":{"line":51,"column":null}},"3":{"start":{"line":55,"column":48},"end":{"line":55,"column":null}},"4":{"start":{"line":57,"column":2},"end":{"line":61,"column":null}},"5":{"start":{"line":58,"column":10},"end":{"line":58,"column":null}},"6":{"start":{"line":59,"column":4},"end":{"line":59,"column":null}},"7":{"start":{"line":60,"column":4},"end":{"line":60,"column":null}},"8":{"start":{"line":63,"column":2},"end":{"line":63,"column":null}},"9":{"start":{"line":67,"column":2},"end":{"line":67,"column":null}},"10":{"start":{"line":67,"column":46},"end":{"line":67,"column":61}},"11":{"start":{"line":71,"column":18},"end":{"line":71,"column":null}},"12":{"start":{"line":72,"column":22},"end":{"line":72,"column":null}},"13":{"start":{"line":74,"column":2},"end":{"line":98,"column":null}},"14":{"start":{"line":75,"column":17},"end":{"line":75,"column":null}},"15":{"start":{"line":76,"column":28},"end":{"line":78,"column":null}},"16":{"start":{"line":77,"column":16},"end":{"line":77,"column":null}},"17":{"start":{"line":80,"column":20},"end":{"line":87,"column":null}},"18":{"start":{"line":82,"column":8},"end":{"line":82,"column":null}},"19":{"start":{"line":82,"column":43},"end":{"line":82,"column":null}},"20":{"start":{"line":83,"column":8},"end":{"line":83,"column":null}},"21":{"start":{"line":83,"column":44},"end":{"line":83,"column":null}},"22":{"start":{"line":84,"column":8},"end":{"line":84,"column":null}},"23":{"start":{"line":89,"column":4},"end":{"line":97,"column":null}}},"fnMap":{"0":{"name":"getTransactionCategoryIcon","decl":{"start":{"line":49,"column":16},"end":{"line":49,"column":43}},"loc":{"start":{"line":49,"column":70},"end":{"line":52,"column":null}},"line":49},"1":{"name":"groupTransactionsByDate","decl":{"start":{"line":54,"column":16},"end":{"line":54,"column":40}},"loc":{"start":{"line":54,"column":69},"end":{"line":64,"column":null}},"line":54},"2":{"name":"(anonymous_2)","decl":{"start":{"line":57,"column":15},"end":{"line":57,"column":24}},"loc":{"start":{"line":57,"column":40},"end":{"line":61,"column":3}},"line":57},"3":{"name":"sortTransactionFeedDates","decl":{"start":{"line":66,"column":16},"end":{"line":66,"column":41}},"loc":{"start":{"line":66,"column":81},"end":{"line":68,"column":null}},"line":66},"4":{"name":"(anonymous_4)","decl":{"start":{"line":67,"column":30},"end":{"line":67,"column":36}},"loc":{"start":{"line":67,"column":46},"end":{"line":67,"column":61}},"line":67},"5":{"name":"buildTransactionFeedGroups","decl":{"start":{"line":70,"column":16},"end":{"line":70,"column":43}},"loc":{"start":{"line":70,"column":96},"end":{"line":99,"column":null}},"line":70},"6":{"name":"(anonymous_6)","decl":{"start":{"line":74,"column":21},"end":{"line":74,"column":26}},"loc":{"start":{"line":74,"column":38},"end":{"line":98,"column":3}},"line":74},"7":{"name":"(anonymous_7)","decl":{"start":{"line":76,"column":58},"end":{"line":76,"column":null}},"loc":{"start":{"line":77,"column":16},"end":{"line":77,"column":null}},"line":77},"8":{"name":"(anonymous_8)","decl":{"start":{"line":80,"column":36},"end":{"line":80,"column":null}},"loc":{"start":{"line":81,"column":36},"end":{"line":85,"column":null}},"line":81}},"branchMap":{"0":{"loc":{"start":{"line":50,"column":17},"end":{"line":50,"column":34}},"type":"binary-expr","locations":[{"start":{"line":50,"column":17},"end":{"line":50,"column":29}},{"start":{"line":50,"column":29},"end":{"line":50,"column":34}}],"line":50},"1":{"loc":{"start":{"line":51,"column":9},"end":{"line":51,"column":null}},"type":"binary-expr","locations":[{"start":{"line":51,"column":9},"end":{"line":51,"column":35}},{"start":{"line":51,"column":35},"end":{"line":51,"column":null}}],"line":51},"2":{"loc":{"start":{"line":59,"column":22},"end":{"line":59,"column":null}},"type":"binary-expr","locations":[{"start":{"line":59,"column":22},"end":{"line":59,"column":41}},{"start":{"line":59,"column":41},"end":{"line":59,"column":null}}],"line":59},"3":{"loc":{"start":{"line":67,"column":46},"end":{"line":67,"column":61}},"type":"cond-expr","locations":[{"start":{"line":67,"column":54},"end":{"line":67,"column":59}},{"start":{"line":67,"column":59},"end":{"line":67,"column":61}}],"line":67},"4":{"loc":{"start":{"line":76,"column":33},"end":{"line":76,"column":56}},"type":"binary-expr","locations":[{"start":{"line":76,"column":33},"end":{"line":76,"column":53}},{"start":{"line":76,"column":53},"end":{"line":76,"column":56}}],"line":76},"5":{"loc":{"start":{"line":82,"column":8},"end":{"line":82,"column":null}},"type":"if","locations":[{"start":{"line":82,"column":8},"end":{"line":82,"column":null}},{"start":{},"end":{}}],"line":82},"6":{"loc":{"start":{"line":83,"column":8},"end":{"line":83,"column":null}},"type":"if","locations":[{"start":{"line":83,"column":8},"end":{"line":83,"column":null}},{"start":{},"end":{}}],"line":83}},"s":{"0":2,"1":4,"2":4,"3":4,"4":4,"5":6,"6":6,"7":6,"8":4,"9":3,"10":4,"11":2,"12":2,"13":2,"14":2,"15":2,"16":1,"17":2,"18":3,"19":2,"20":3,"21":1,"22":3,"23":2},"f":{"0":4,"1":4,"2":6,"3":3,"4":4,"5":2,"6":2,"7":1,"8":3},"b":{"0":[4,1],"1":[4,2],"2":[6,4],"3":[2,2],"4":[2,0],"5":[2,1],"6":[1,2]},"meta":{"lastBranch":7,"lastFunction":9,"lastStatement":24,"seen":{"s:14:50:47:Infinity":0,"f:49:16:49:43":0,"s:50:14:50:Infinity":1,"b:50:17:50:29:50:29:50:34":0,"s:51:2:51:Infinity":2,"b:51:9:51:35:51:35:51:Infinity":1,"f:54:16:54:40":1,"s:55:48:55:Infinity":3,"s:57:2:61:Infinity":4,"f:57:15:57:24":2,"s:58:10:58:Infinity":5,"s:59:4:59:Infinity":6,"b:59:22:59:41:59:41:59:Infinity":2,"s:60:4:60:Infinity":7,"s:63:2:63:Infinity":8,"f:66:16:66:41":3,"s:67:2:67:Infinity":9,"f:67:30:67:36":4,"s:67:46:67:61":10,"b:67:54:67:59:67:59:67:61":3,"f:70:16:70:43":5,"s:71:18:71:Infinity":11,"s:72:22:72:Infinity":12,"s:74:2:98:Infinity":13,"f:74:21:74:26":6,"s:75:17:75:Infinity":14,"s:76:28:78:Infinity":15,"b:76:33:76:53:76:53:76:56":4,"f:76:58:76:Infinity":7,"s:77:16:77:Infinity":16,"s:80:20:87:Infinity":17,"f:80:36:80:Infinity":8,"b:82:8:82:Infinity:undefined:undefined:undefined:undefined":5,"s:82:8:82:Infinity":18,"s:82:43:82:Infinity":19,"b:83:8:83:Infinity:undefined:undefined:undefined:undefined":6,"s:83:8:83:Infinity":20,"s:83:44:83:Infinity":21,"s:84:8:84:Infinity":22,"s:89:4:97:Infinity":23},"fnNames":{}}}
}
